Training HB_ResNet50
Epoch 1/1

  1/267 [..............................] - ETA: 12:45 - loss: 0.9108 - acc: 0.6250
  2/267 [..............................] - ETA: 6:36 - loss: 0.9127 - acc: 0.5781 
  3/267 [..............................] - ETA: 4:33 - loss: 0.8931 - acc: 0.6042
  4/267 [..............................] - ETA: 3:31 - loss: 0.8621 - acc: 0.5938
  5/267 [..............................] - ETA: 2:54 - loss: 0.8091 - acc: 0.6000
  6/267 [..............................] - ETA: 2:29 - loss: 0.7775 - acc: 0.6198
  7/267 [..............................] - ETA: 2:11 - loss: 0.7466 - acc: 0.6295
  8/267 [..............................] - ETA: 1:58 - loss: 0.7139 - acc: 0.6523
  9/267 [>.............................] - ETA: 1:48 - loss: 0.6968 - acc: 0.6562
 10/267 [>.............................] - ETA: 1:39 - loss: 0.6828 - acc: 0.6625
 11/267 [>.............................] - ETA: 1:33 - loss: 0.6751 - acc: 0.6619
 12/267 [>.............................] - ETA: 1:27 - loss: 0.6762 - acc: 0.6536
 13/267 [>.............................] - ETA: 1:22 - loss: 0.6648 - acc: 0.6587
 14/267 [>.............................] - ETA: 1:18 - loss: 0.6566 - acc: 0.6607
 15/267 [>.............................] - ETA: 1:14 - loss: 0.6428 - acc: 0.6708
 16/267 [>.............................] - ETA: 1:11 - loss: 0.6305 - acc: 0.6797
 17/267 [>.............................] - ETA: 1:08 - loss: 0.6269 - acc: 0.6875
 18/267 [=>............................] - ETA: 1:06 - loss: 0.6187 - acc: 0.6927
 19/267 [=>............................] - ETA: 1:03 - loss: 0.6091 - acc: 0.6957
 20/267 [=>............................] - ETA: 1:01 - loss: 0.5976 - acc: 0.7016
 21/267 [=>............................] - ETA: 1:00 - loss: 0.5906 - acc: 0.7068
 22/267 [=>............................] - ETA: 58s - loss: 0.5862 - acc: 0.7102 
 23/267 [=>............................] - ETA: 56s - loss: 0.5799 - acc: 0.7160
 24/267 [=>............................] - ETA: 55s - loss: 0.5698 - acc: 0.7240
 25/267 [=>............................] - ETA: 53s - loss: 0.5632 - acc: 0.7275
 26/267 [=>............................] - ETA: 52s - loss: 0.5576 - acc: 0.7320
 27/267 [==>...........................] - ETA: 51s - loss: 0.5497 - acc: 0.7373
 28/267 [==>...........................] - ETA: 50s - loss: 0.5426 - acc: 0.7433
 29/267 [==>...........................] - ETA: 49s - loss: 0.5360 - acc: 0.7468
 30/267 [==>...........................] - ETA: 48s - loss: 0.5288 - acc: 0.7531
 31/267 [==>...........................] - ETA: 47s - loss: 0.5217 - acc: 0.7571
 32/267 [==>...........................] - ETA: 46s - loss: 0.5144 - acc: 0.7598
 33/267 [==>...........................] - ETA: 45s - loss: 0.5087 - acc: 0.7633
 34/267 [==>...........................] - ETA: 45s - loss: 0.5037 - acc: 0.7656
 35/267 [==>...........................] - ETA: 44s - loss: 0.4966 - acc: 0.7696
 36/267 [===>..........................] - ETA: 43s - loss: 0.4917 - acc: 0.7717
 37/267 [===>..........................] - ETA: 42s - loss: 0.4861 - acc: 0.7762
 38/267 [===>..........................] - ETA: 42s - loss: 0.4798 - acc: 0.7788
 39/267 [===>..........................] - ETA: 41s - loss: 0.4793 - acc: 0.7804
 40/267 [===>..........................] - ETA: 41s - loss: 0.4753 - acc: 0.7828
 41/267 [===>..........................] - ETA: 40s - loss: 0.4677 - acc: 0.7881
 42/267 [===>..........................] - ETA: 40s - loss: 0.4660 - acc: 0.7902
 43/267 [===>..........................] - ETA: 39s - loss: 0.4609 - acc: 0.7929
 44/267 [===>..........................] - ETA: 39s - loss: 0.4598 - acc: 0.7919
 45/267 [====>.........................] - ETA: 38s - loss: 0.4541 - acc: 0.7958
 46/267 [====>.........................] - ETA: 38s - loss: 0.4502 - acc: 0.7989
 47/267 [====>.........................] - ETA: 37s - loss: 0.4440 - acc: 0.8032
 48/267 [====>.........................] - ETA: 37s - loss: 0.4382 - acc: 0.8066
 49/267 [====>.........................] - ETA: 36s - loss: 0.4357 - acc: 0.8087
 50/267 [====>.........................] - ETA: 36s - loss: 0.4332 - acc: 0.8094
 51/267 [====>.........................] - ETA: 35s - loss: 0.4291 - acc: 0.8125
 52/267 [====>.........................] - ETA: 35s - loss: 0.4235 - acc: 0.8155
 53/267 [====>.........................] - ETA: 35s - loss: 0.4202 - acc: 0.8184
 54/267 [=====>........................] - ETA: 34s - loss: 0.4180 - acc: 0.8194
 55/267 [=====>........................] - ETA: 34s - loss: 0.4156 - acc: 0.8210
 56/267 [=====>........................] - ETA: 34s - loss: 0.4134 - acc: 0.8225
 57/267 [=====>........................] - ETA: 33s - loss: 0.4112 - acc: 0.8229
 58/267 [=====>........................] - ETA: 33s - loss: 0.4073 - acc: 0.8249
 59/267 [=====>........................] - ETA: 33s - loss: 0.4038 - acc: 0.8268
 60/267 [=====>........................] - ETA: 32s - loss: 0.3997 - acc: 0.8286
 61/267 [=====>........................] - ETA: 32s - loss: 0.3965 - acc: 0.8304
 62/267 [=====>........................] - ETA: 32s - loss: 0.3923 - acc: 0.8327
 63/267 [======>.......................] - ETA: 31s - loss: 0.3888 - acc: 0.8348
 64/267 [======>.......................] - ETA: 31s - loss: 0.3863 - acc: 0.8359
 65/267 [======>.......................] - ETA: 31s - loss: 0.3849 - acc: 0.8356
 66/267 [======>.......................] - ETA: 30s - loss: 0.3824 - acc: 0.8371
 67/267 [======>.......................] - ETA: 30s - loss: 0.3789 - acc: 0.8386
 68/267 [======>.......................] - ETA: 30s - loss: 0.3766 - acc: 0.8396
 69/267 [======>.......................] - ETA: 30s - loss: 0.3757 - acc: 0.8392
 70/267 [======>.......................] - ETA: 29s - loss: 0.3725 - acc: 0.8411
 71/267 [======>.......................] - ETA: 29s - loss: 0.3700 - acc: 0.8429
 72/267 [=======>......................] - ETA: 29s - loss: 0.3699 - acc: 0.8424
 73/267 [=======>......................] - ETA: 29s - loss: 0.3681 - acc: 0.8420
 74/267 [=======>......................] - ETA: 28s - loss: 0.3663 - acc: 0.8425
 75/267 [=======>......................] - ETA: 28s - loss: 0.3624 - acc: 0.8446
 76/267 [=======>......................] - ETA: 28s - loss: 0.3613 - acc: 0.8454
 77/267 [=======>......................] - ETA: 28s - loss: 0.3592 - acc: 0.8466
 78/267 [=======>......................] - ETA: 27s - loss: 0.3561 - acc: 0.8482
 79/267 [=======>......................] - ETA: 27s - loss: 0.3531 - acc: 0.8493
 80/267 [=======>......................] - ETA: 27s - loss: 0.3509 - acc: 0.8500
 81/267 [========>.....................] - ETA: 27s - loss: 0.3487 - acc: 0.8515
 82/267 [========>.....................] - ETA: 27s - loss: 0.3472 - acc: 0.8518
 83/267 [========>.....................] - ETA: 26s - loss: 0.3465 - acc: 0.8517
 84/267 [========>.....................] - ETA: 26s - loss: 0.3443 - acc: 0.8527
 85/267 [========>.....................] - ETA: 26s - loss: 0.3420 - acc: 0.8540
 86/267 [========>.....................] - ETA: 26s - loss: 0.3410 - acc: 0.8550
 87/267 [========>.....................] - ETA: 25s - loss: 0.3400 - acc: 0.8552
 88/267 [========>.....................] - ETA: 25s - loss: 0.3387 - acc: 0.8555
 89/267 [=========>....................] - ETA: 25s - loss: 0.3359 - acc: 0.8571
 90/267 [=========>....................] - ETA: 25s - loss: 0.3353 - acc: 0.8580
 91/267 [=========>....................] - ETA: 25s - loss: 0.3327 - acc: 0.8592
 92/267 [=========>....................] - ETA: 24s - loss: 0.3322 - acc: 0.8597
 93/267 [=========>....................] - ETA: 24s - loss: 0.3299 - acc: 0.8606
 94/267 [=========>....................] - ETA: 24s - loss: 0.3288 - acc: 0.8607
 95/267 [=========>....................] - ETA: 24s - loss: 0.3268 - acc: 0.8615
 96/267 [=========>....................] - ETA: 24s - loss: 0.3247 - acc: 0.8623
 97/267 [=========>....................] - ETA: 23s - loss: 0.3220 - acc: 0.8637
 98/267 [==========>...................] - ETA: 23s - loss: 0.3201 - acc: 0.8648
 99/267 [==========>...................] - ETA: 23s - loss: 0.3177 - acc: 0.8658
100/267 [==========>...................] - ETA: 23s - loss: 0.3167 - acc: 0.8662
101/267 [==========>...................] - ETA: 23s - loss: 0.3156 - acc: 0.8670
102/267 [==========>...................] - ETA: 23s - loss: 0.3140 - acc: 0.8673
103/267 [==========>...................] - ETA: 22s - loss: 0.3125 - acc: 0.8683
104/267 [==========>...................] - ETA: 22s - loss: 0.3111 - acc: 0.8690
105/267 [==========>...................] - ETA: 22s - loss: 0.3092 - acc: 0.8702
106/267 [==========>...................] - ETA: 22s - loss: 0.3085 - acc: 0.8700
107/267 [===========>..................] - ETA: 22s - loss: 0.3077 - acc: 0.8706
108/267 [===========>..................] - ETA: 21s - loss: 0.3054 - acc: 0.8718
109/267 [===========>..................] - ETA: 21s - loss: 0.3033 - acc: 0.8730
110/267 [===========>..................] - ETA: 21s - loss: 0.3024 - acc: 0.8733
111/267 [===========>..................] - ETA: 21s - loss: 0.3011 - acc: 0.8739
112/267 [===========>..................] - ETA: 21s - loss: 0.3006 - acc: 0.8744
113/267 [===========>..................] - ETA: 21s - loss: 0.3001 - acc: 0.8747
114/267 [===========>..................] - ETA: 20s - loss: 0.2988 - acc: 0.8753
115/267 [===========>..................] - ETA: 20s - loss: 0.2974 - acc: 0.8758
116/267 [============>.................] - ETA: 20s - loss: 0.2956 - acc: 0.8766
117/267 [============>.................] - ETA: 20s - loss: 0.2940 - acc: 0.8771
118/267 [============>.................] - ETA: 20s - loss: 0.2925 - acc: 0.8776
119/267 [============>.................] - ETA: 20s - loss: 0.2915 - acc: 0.8783
120/267 [============>.................] - ETA: 20s - loss: 0.2901 - acc: 0.8793
121/267 [============>.................] - ETA: 20s - loss: 0.2888 - acc: 0.8803
122/267 [============>.................] - ETA: 19s - loss: 0.2875 - acc: 0.8808
123/267 [============>.................] - ETA: 19s - loss: 0.2866 - acc: 0.8808
124/267 [============>.................] - ETA: 19s - loss: 0.2851 - acc: 0.8815
125/267 [=============>................] - ETA: 19s - loss: 0.2838 - acc: 0.8822
126/267 [=============>................] - ETA: 19s - loss: 0.2834 - acc: 0.8821
127/267 [=============>................] - ETA: 19s - loss: 0.2833 - acc: 0.8823
128/267 [=============>................] - ETA: 18s - loss: 0.2815 - acc: 0.8832
129/267 [=============>................] - ETA: 18s - loss: 0.2818 - acc: 0.8829
130/267 [=============>................] - ETA: 18s - loss: 0.2804 - acc: 0.8838
131/267 [=============>................] - ETA: 18s - loss: 0.2787 - acc: 0.8847
132/267 [=============>................] - ETA: 18s - loss: 0.2776 - acc: 0.8851
133/267 [=============>................] - ETA: 18s - loss: 0.2766 - acc: 0.8857
134/267 [==============>...............] - ETA: 17s - loss: 0.2757 - acc: 0.8861
135/267 [==============>...............] - ETA: 17s - loss: 0.2740 - acc: 0.8870
136/267 [==============>...............] - ETA: 17s - loss: 0.2727 - acc: 0.8873
137/267 [==============>...............] - ETA: 17s - loss: 0.2713 - acc: 0.8882
138/267 [==============>...............] - ETA: 17s - loss: 0.2709 - acc: 0.8883
139/267 [==============>...............] - ETA: 17s - loss: 0.2701 - acc: 0.8886
140/267 [==============>...............] - ETA: 16s - loss: 0.2688 - acc: 0.8894
141/267 [==============>...............] - ETA: 16s - loss: 0.2677 - acc: 0.8898
142/267 [==============>...............] - ETA: 16s - loss: 0.2669 - acc: 0.8901
143/267 [===============>..............] - ETA: 16s - loss: 0.2654 - acc: 0.8909
144/267 [===============>..............] - ETA: 16s - loss: 0.2649 - acc: 0.8910
145/267 [===============>..............] - ETA: 16s - loss: 0.2641 - acc: 0.8915
146/267 [===============>..............] - ETA: 16s - loss: 0.2627 - acc: 0.8921
147/267 [===============>..............] - ETA: 15s - loss: 0.2618 - acc: 0.8926
148/267 [===============>..............] - ETA: 15s - loss: 0.2610 - acc: 0.8931
149/267 [===============>..............] - ETA: 15s - loss: 0.2603 - acc: 0.8934
150/267 [===============>..............] - ETA: 15s - loss: 0.2591 - acc: 0.8941
151/267 [===============>..............] - ETA: 15s - loss: 0.2587 - acc: 0.8938
152/267 [================>.............] - ETA: 15s - loss: 0.2579 - acc: 0.8943
153/267 [================>.............] - ETA: 15s - loss: 0.2572 - acc: 0.8943
154/267 [================>.............] - ETA: 14s - loss: 0.2559 - acc: 0.8950
155/267 [================>.............] - ETA: 14s - loss: 0.2549 - acc: 0.8955
156/267 [================>.............] - ETA: 14s - loss: 0.2540 - acc: 0.8958
157/267 [================>.............] - ETA: 14s - loss: 0.2536 - acc: 0.8960
158/267 [================>.............] - ETA: 14s - loss: 0.2526 - acc: 0.8963
159/267 [================>.............] - ETA: 14s - loss: 0.2517 - acc: 0.8968
160/267 [================>.............] - ETA: 14s - loss: 0.2512 - acc: 0.8968
161/267 [=================>............] - ETA: 13s - loss: 0.2502 - acc: 0.8971
162/267 [=================>............] - ETA: 13s - loss: 0.2492 - acc: 0.8975
163/267 [=================>............] - ETA: 13s - loss: 0.2486 - acc: 0.8979
164/267 [=================>............] - ETA: 13s - loss: 0.2485 - acc: 0.8978
165/267 [=================>............] - ETA: 13s - loss: 0.2473 - acc: 0.8984
166/267 [=================>............] - ETA: 13s - loss: 0.2468 - acc: 0.8987
167/267 [=================>............] - ETA: 13s - loss: 0.2463 - acc: 0.8989
168/267 [=================>............] - ETA: 12s - loss: 0.2452 - acc: 0.8995
169/267 [=================>............] - ETA: 12s - loss: 0.2450 - acc: 0.8992
170/267 [==================>...........] - ETA: 12s - loss: 0.2442 - acc: 0.8996
171/267 [==================>...........] - ETA: 12s - loss: 0.2434 - acc: 0.8998
172/267 [==================>...........] - ETA: 12s - loss: 0.2429 - acc: 0.9002
173/267 [==================>...........] - ETA: 12s - loss: 0.2427 - acc: 0.9002
174/267 [==================>...........] - ETA: 12s - loss: 0.2421 - acc: 0.9004
175/267 [==================>...........] - ETA: 11s - loss: 0.2413 - acc: 0.9010
176/267 [==================>...........] - ETA: 11s - loss: 0.2406 - acc: 0.9010
177/267 [==================>...........] - ETA: 11s - loss: 0.2403 - acc: 0.9007
178/267 [===================>..........] - ETA: 11s - loss: 0.2402 - acc: 0.9007
179/267 [===================>..........] - ETA: 11s - loss: 0.2398 - acc: 0.9010
180/267 [===================>..........] - ETA: 11s - loss: 0.2390 - acc: 0.9013
181/267 [===================>..........] - ETA: 11s - loss: 0.2382 - acc: 0.9017
182/267 [===================>..........] - ETA: 10s - loss: 0.2378 - acc: 0.9019
183/267 [===================>..........] - ETA: 10s - loss: 0.2371 - acc: 0.9019
184/267 [===================>..........] - ETA: 10s - loss: 0.2364 - acc: 0.9023
185/267 [===================>..........] - ETA: 10s - loss: 0.2360 - acc: 0.9023
186/267 [===================>..........] - ETA: 10s - loss: 0.2351 - acc: 0.9028
187/267 [====================>.........] - ETA: 10s - loss: 0.2343 - acc: 0.9034
188/267 [====================>.........] - ETA: 10s - loss: 0.2342 - acc: 0.9034
189/267 [====================>.........] - ETA: 10s - loss: 0.2337 - acc: 0.9035
190/267 [====================>.........] - ETA: 9s - loss: 0.2327 - acc: 0.9041 
191/267 [====================>.........] - ETA: 9s - loss: 0.2320 - acc: 0.9046
192/267 [====================>.........] - ETA: 9s - loss: 0.2311 - acc: 0.9049
193/267 [====================>.........] - ETA: 9s - loss: 0.2313 - acc: 0.9051
194/267 [====================>.........] - ETA: 9s - loss: 0.2310 - acc: 0.9052
195/267 [====================>.........] - ETA: 9s - loss: 0.2305 - acc: 0.9054
196/267 [=====================>........] - ETA: 9s - loss: 0.2298 - acc: 0.9056
197/267 [=====================>........] - ETA: 8s - loss: 0.2289 - acc: 0.9060
198/267 [=====================>........] - ETA: 8s - loss: 0.2283 - acc: 0.9064
199/267 [=====================>........] - ETA: 8s - loss: 0.2276 - acc: 0.9068
200/267 [=====================>........] - ETA: 8s - loss: 0.2266 - acc: 0.9073
201/267 [=====================>........] - ETA: 8s - loss: 0.2259 - acc: 0.9074
202/267 [=====================>........] - ETA: 8s - loss: 0.2251 - acc: 0.9077
203/267 [=====================>........] - ETA: 8s - loss: 0.2250 - acc: 0.9077
204/267 [=====================>........] - ETA: 8s - loss: 0.2245 - acc: 0.9079
205/267 [======================>.......] - ETA: 7s - loss: 0.2237 - acc: 0.9082
206/267 [======================>.......] - ETA: 7s - loss: 0.2233 - acc: 0.9083
207/267 [======================>.......] - ETA: 7s - loss: 0.2226 - acc: 0.9088
208/267 [======================>.......] - ETA: 7s - loss: 0.2221 - acc: 0.9089
209/267 [======================>.......] - ETA: 7s - loss: 0.2216 - acc: 0.9092
210/267 [======================>.......] - ETA: 7s - loss: 0.2213 - acc: 0.9095
211/267 [======================>.......] - ETA: 7s - loss: 0.2207 - acc: 0.9098
212/267 [======================>.......] - ETA: 6s - loss: 0.2202 - acc: 0.9099
213/267 [======================>.......] - ETA: 6s - loss: 0.2197 - acc: 0.9102
214/267 [=======================>......] - ETA: 6s - loss: 0.2193 - acc: 0.9104
215/267 [=======================>......] - ETA: 6s - loss: 0.2189 - acc: 0.9106
216/267 [=======================>......] - ETA: 6s - loss: 0.2186 - acc: 0.9107
217/267 [=======================>......] - ETA: 6s - loss: 0.2182 - acc: 0.9108
218/267 [=======================>......] - ETA: 6s - loss: 0.2178 - acc: 0.9109
219/267 [=======================>......] - ETA: 6s - loss: 0.2171 - acc: 0.9113
220/267 [=======================>......] - ETA: 5s - loss: 0.2165 - acc: 0.9117
221/267 [=======================>......] - ETA: 5s - loss: 0.2160 - acc: 0.9120
222/267 [=======================>......] - ETA: 5s - loss: 0.2154 - acc: 0.9123
223/267 [========================>.....] - ETA: 5s - loss: 0.2151 - acc: 0.9122
224/267 [========================>.....] - ETA: 5s - loss: 0.2148 - acc: 0.9125
225/267 [========================>.....] - ETA: 5s - loss: 0.2143 - acc: 0.9127
226/267 [========================>.....] - ETA: 5s - loss: 0.2140 - acc: 0.9127
227/267 [========================>.....] - ETA: 5s - loss: 0.2132 - acc: 0.9131
228/267 [========================>.....] - ETA: 4s - loss: 0.2124 - acc: 0.9135
229/267 [========================>.....] - ETA: 4s - loss: 0.2117 - acc: 0.9138
230/267 [========================>.....] - ETA: 4s - loss: 0.2111 - acc: 0.9141
231/267 [========================>.....] - ETA: 4s - loss: 0.2104 - acc: 0.9145
232/267 [=========================>....] - ETA: 4s - loss: 0.2099 - acc: 0.9146
233/267 [=========================>....] - ETA: 4s - loss: 0.2098 - acc: 0.9147
234/267 [=========================>....] - ETA: 4s - loss: 0.2093 - acc: 0.9149
235/267 [=========================>....] - ETA: 4s - loss: 0.2090 - acc: 0.9151
236/267 [=========================>....] - ETA: 3s - loss: 0.2084 - acc: 0.9153
237/267 [=========================>....] - ETA: 3s - loss: 0.2084 - acc: 0.9153
238/267 [=========================>....] - ETA: 3s - loss: 0.2083 - acc: 0.9153
239/267 [=========================>....] - ETA: 3s - loss: 0.2077 - acc: 0.9155
240/267 [=========================>....] - ETA: 3s - loss: 0.2072 - acc: 0.9155
241/267 [==========================>...] - ETA: 3s - loss: 0.2066 - acc: 0.9158
242/267 [==========================>...] - ETA: 3s - loss: 0.2061 - acc: 0.9160
243/267 [==========================>...] - ETA: 2s - loss: 0.2055 - acc: 0.9164
244/267 [==========================>...] - ETA: 2s - loss: 0.2053 - acc: 0.9166
245/267 [==========================>...] - ETA: 2s - loss: 0.2047 - acc: 0.9169
246/267 [==========================>...] - ETA: 2s - loss: 0.2044 - acc: 0.9170
247/267 [==========================>...] - ETA: 2s - loss: 0.2038 - acc: 0.9173
248/267 [==========================>...] - ETA: 2s - loss: 0.2033 - acc: 0.9175
249/267 [==========================>...] - ETA: 2s - loss: 0.2030 - acc: 0.9176
250/267 [===========================>..] - ETA: 2s - loss: 0.2025 - acc: 0.9180
251/267 [===========================>..] - ETA: 1s - loss: 0.2021 - acc: 0.9182
252/267 [===========================>..] - ETA: 1s - loss: 0.2016 - acc: 0.9184
253/267 [===========================>..] - ETA: 1s - loss: 0.2009 - acc: 0.9187
254/267 [===========================>..] - ETA: 1s - loss: 0.2005 - acc: 0.9189
255/267 [===========================>..] - ETA: 1s - loss: 0.1999 - acc: 0.9191
256/267 [===========================>..] - ETA: 1s - loss: 0.1993 - acc: 0.9194
257/267 [===========================>..] - ETA: 1s - loss: 0.1990 - acc: 0.9195
258/267 [===========================>..] - ETA: 1s - loss: 0.1989 - acc: 0.9195
259/267 [============================>.] - ETA: 0s - loss: 0.1983 - acc: 0.9197
260/267 [============================>.] - ETA: 0s - loss: 0.1978 - acc: 0.9200
261/267 [============================>.] - ETA: 0s - loss: 0.1975 - acc: 0.9202
262/267 [============================>.] - ETA: 0s - loss: 0.1975 - acc: 0.9202
263/267 [============================>.] - ETA: 0s - loss: 0.1970 - acc: 0.9205
264/267 [============================>.] - ETA: 0s - loss: 0.1965 - acc: 0.9208
265/267 [============================>.] - ETA: 0s - loss: 0.1962 - acc: 0.9210
266/267 [============================>.] - ETA: 0s - loss: 0.1958 - acc: 0.9210
267/267 [==============================] - 37s 137ms/step - loss: 0.1956 - acc: 0.9212 - val_loss: 0.1095 - val_acc: 0.9452
Saved weights. Evaluating...

  32/1094 [..............................] - ETA: 15s
  64/1094 [>.............................] - ETA: 9s 
  96/1094 [=>............................] - ETA: 6s
 128/1094 [==>...........................] - ETA: 5s
 160/1094 [===>..........................] - ETA: 4s
 192/1094 [====>.........................] - ETA: 4s
 224/1094 [=====>........................] - ETA: 3s
 256/1094 [======>.......................] - ETA: 3s
 288/1094 [======>.......................] - ETA: 3s
 320/1094 [=======>......................] - ETA: 3s
 352/1094 [========>.....................] - ETA: 2s
 384/1094 [=========>....................] - ETA: 2s
 416/1094 [==========>...................] - ETA: 2s
 448/1094 [===========>..................] - ETA: 2s
 480/1094 [============>.................] - ETA: 2s
 512/1094 [=============>................] - ETA: 2s
 544/1094 [=============>................] - ETA: 1s
 576/1094 [==============>...............] - ETA: 1s
 608/1094 [===============>..............] - ETA: 1s
 640/1094 [================>.............] - ETA: 1s
 672/1094 [=================>............] - ETA: 1s
 704/1094 [==================>...........] - ETA: 1s
 736/1094 [===================>..........] - ETA: 1s
 768/1094 [====================>.........] - ETA: 1s
 800/1094 [====================>.........] - ETA: 0s
 832/1094 [=====================>........] - ETA: 0s
 864/1094 [======================>.......] - ETA: 0s
 896/1094 [=======================>......] - ETA: 0s
 928/1094 [========================>.....] - ETA: 0s
 960/1094 [=========================>....] - ETA: 0s
 992/1094 [==========================>...] - ETA: 0s
1024/1094 [===========================>..] - ETA: 0s
1056/1094 [===========================>..] - ETA: 0s
1088/1094 [============================>.] - ETA: 0s
1094/1094 [==============================] - 3s 3ms/step
             precision    recall  f1-score   support

          0       1.00      0.94      0.97      1034
          1       0.50      0.98      0.66        60

avg / total       0.97      0.95      0.95      1094


Training HB_ResNet50

Training HB_ResNet50

Training HB_ResNet50

Training HB_ResNet50

Training HB_ResNet50

Training HB_ResNet50

Training HB_ResNet50

Training HB_ResNet50

Training HB_ResNet50

Training HB_ResNet50

Training HB_ResNet50

Training HB_ResNet50

Training HB_ResNet50

Training HB_ResNet50

Training HB_ResNet50

Training HB_ResNet50

Training HB_ResNet50

Training HB_ResNet50

Training HB_ResNet50

Training HB_ResNet50

Training HB_ResNet50

Training HB_ResNet50

Training HB_ResNet50

Training HB_ResNet50

Training HB_ResNet50

Training HB_ResNet50

Training HB_ResNet50

Training HB_ResNet50

Training HB_ResNet50

Training HB_ResNet50

Training HB_ResNet50

Training HB_ResNet50

Training HB_ResNet50

Training HB_ResNet50

Training HB_ResNet50

Training HB_ResNet50

Training HB_ResNet50

Training HB_ResNet50

Training HB_ResNet50

Training HB_ResNet50

Training HB_ResNet50

Training HB_ResNet50

Training HB_ResNet50

Training HB_ResNet50

Training HB_ResNet50

Training HB_ResNet50

Training HB_ResNet50

Training HB_ResNet50

Training HB_ResNet50

Training HB_ResNet50

Training HB_ResNet50

Training HB_ResNet50

Training HB_ResNet50

Training HB_ResNet50

Training HB_ResNet50

Training HB_ResNet50

Training HB_ResNet50

Training HB_ResNet50

Training HB_ResNet50

Training HB_ResNet50

Training HB_ResNet50

Training HB_ResNet50

Training HB_ResNet50

Training HB_ResNet50

Training HB_ResNet50

Training HB_ResNet50

Training HB_ResNet50

Training HB_ResNet50

Training HB_ResNet50

Training HB_ResNet50

Training HB_ResNet50

Training HB_ResNet50

Training HB_ResNet50

Training HB_ResNet50

Training HB_ResNet50

Training HB_ResNet50

Training HB_ResNet50

Training HB_ResNet50

Training HB_ResNet50
